<?xml version="1.0" encoding="UTF-8"?>
<!-- Generated by org.testng.reporters.JUnitXMLReporter -->
<testsuite hostname="ERICKs-MacBook-Air.local" ignored="0" name="Default test" tests="10" failures="0" timestamp="06 Dec 2018 04:48:44 GMT" time="140.719" errors="0">
  <testcase name="googleTitleTest" time="0.017" classname="testclasses.TestKolorskemo"/>
  <testcase name="kolorskermoTitleTest" time="4.117" classname="testclasses.TestKolorskemo"/>
  <testcase name="kolorskermoLinkTest" time="0.042" classname="testclasses.TestKolorskemo"/>
  <testcase name="kolorskermoTextTest" time="0.034" classname="testclasses.TestKolorskemo"/>
  <testcase name="logoDisplayed" time="0.038" classname="testclasses.TestKolorskemo"/>
  <testcase name="uploadImage" time="17.066" classname="testclasses.TestKolorskemo"/>
  <testcase name="processImage" time="0.205" classname="testclasses.TestKolorskemo"/>
  <testcase name="imageUploadResult" time="4.318" classname="testclasses.TestKolorskemo"/>
  <testcase name="analyzeButtonImage" time="52.385" classname="testclasses.TestKolorskemo"/>
  <testcase name="testColorSelector" time="62.417" classname="testclasses.TestKolorskemo"/>
</testsuite> <!-- Default test -->
