<?xml version="1.0" encoding="UTF-8"?>
<!-- Generated by org.testng.reporters.JUnitXMLReporter -->
<testsuite hostname="ERICKs-MacBook-Air.local" ignored="0" name="Different testng feature Test" tests="8" failures="0" timestamp="05 Dec 2018 10:20:10 GMT" time="26.186" errors="0">
  <testcase name="googleTitleTest" time="0.025" classname="testclasses.TestKolorskemo"/>
  <testcase name="kolorskermoTitleTest" time="3.307" classname="testclasses.TestKolorskemo"/>
  <testcase name="kolorskermoLinkTest" time="0.041" classname="testclasses.TestKolorskemo"/>
  <testcase name="kolorskermoTextTest" time="0.037" classname="testclasses.TestKolorskemo"/>
  <testcase name="logoDisplayed" time="0.038" classname="testclasses.TestKolorskemo"/>
  <testcase name="uploadImage" time="17.319" classname="testclasses.TestKolorskemo"/>
  <testcase name="processImage" time="0.21" classname="testclasses.TestKolorskemo"/>
  <testcase name="imageUploadResult" time="5.135" classname="testclasses.TestKolorskemo"/>
</testsuite> <!-- Different testng feature Test -->
