<?xml version="1.0" encoding="UTF-8"?>
<testng-results skipped="0" failed="0" ignored="0" total="10" passed="10">
  <reporter-output>
  </reporter-output>
  <suite name="Default suite" duration-ms="140719" started-at="2018-12-06T04:46:23Z" finished-at="2018-12-06T04:48:44Z">
    <groups>
    </groups>
    <test name="Default test" duration-ms="140719" started-at="2018-12-06T04:46:23Z" finished-at="2018-12-06T04:48:44Z">
      <class name="testclasses.TestKolorskemo">
        <test-method status="PASS" signature="setUp()[pri:0, instance:testclasses.TestKolorskemo@cc285f4]" name="setUp" is-config="true" duration-ms="3796" started-at="2018-12-06T04:46:19Z" finished-at="2018-12-06T04:46:23Z">
          <reporter-output>
          </reporter-output>
        </test-method> <!-- setUp -->
        <test-method status="PASS" signature="tearUp()[pri:0, instance:testclasses.TestKolorskemo@cc285f4]" name="tearUp" is-config="true" duration-ms="0" started-at="2018-12-06T04:46:23Z" finished-at="2018-12-06T04:46:23Z">
          <reporter-output>
          </reporter-output>
        </test-method> <!-- tearUp -->
        <test-method status="PASS" signature="googleTitleTest()[pri:1, instance:testclasses.TestKolorskemo@cc285f4]" name="googleTitleTest" duration-ms="17" started-at="2018-12-06T04:46:23Z" finished-at="2018-12-06T04:46:23Z">
          <reporter-output>
          </reporter-output>
        </test-method> <!-- googleTitleTest -->
        <test-method status="PASS" signature="tearDown()[pri:0, instance:testclasses.TestKolorskemo@cc285f4]" name="tearDown" is-config="true" duration-ms="0" started-at="2018-12-06T04:46:23Z" finished-at="2018-12-06T04:46:23Z">
          <reporter-output>
          </reporter-output>
        </test-method> <!-- tearDown -->
        <test-method status="PASS" signature="kolorskermoTitleTest()[pri:2, instance:testclasses.TestKolorskemo@cc285f4]" name="kolorskermoTitleTest" duration-ms="4117" started-at="2018-12-06T04:46:23Z" finished-at="2018-12-06T04:46:27Z">
          <reporter-output>
          </reporter-output>
        </test-method> <!-- kolorskermoTitleTest -->
        <test-method status="PASS" signature="tearUp()[pri:0, instance:testclasses.TestKolorskemo@cc285f4]" name="tearUp" is-config="true" duration-ms="0" started-at="2018-12-06T04:46:23Z" finished-at="2018-12-06T04:46:23Z">
          <reporter-output>
          </reporter-output>
        </test-method> <!-- tearUp -->
        <test-method status="PASS" signature="tearDown()[pri:0, instance:testclasses.TestKolorskemo@cc285f4]" name="tearDown" is-config="true" duration-ms="1" started-at="2018-12-06T04:46:27Z" finished-at="2018-12-06T04:46:27Z">
          <reporter-output>
          </reporter-output>
        </test-method> <!-- tearDown -->
        <test-method status="PASS" signature="kolorskermoLinkTest()[pri:3, instance:testclasses.TestKolorskemo@cc285f4]" name="kolorskermoLinkTest" duration-ms="42" started-at="2018-12-06T04:46:27Z" finished-at="2018-12-06T04:46:27Z">
          <reporter-output>
          </reporter-output>
        </test-method> <!-- kolorskermoLinkTest -->
        <test-method status="PASS" signature="tearUp()[pri:0, instance:testclasses.TestKolorskemo@cc285f4]" name="tearUp" is-config="true" duration-ms="0" started-at="2018-12-06T04:46:27Z" finished-at="2018-12-06T04:46:27Z">
          <reporter-output>
          </reporter-output>
        </test-method> <!-- tearUp -->
        <test-method status="PASS" signature="tearDown()[pri:0, instance:testclasses.TestKolorskemo@cc285f4]" name="tearDown" is-config="true" duration-ms="1" started-at="2018-12-06T04:46:27Z" finished-at="2018-12-06T04:46:27Z">
          <reporter-output>
          </reporter-output>
        </test-method> <!-- tearDown -->
        <test-method status="PASS" signature="tearUp()[pri:0, instance:testclasses.TestKolorskemo@cc285f4]" name="tearUp" is-config="true" duration-ms="1" started-at="2018-12-06T04:46:27Z" finished-at="2018-12-06T04:46:27Z">
          <reporter-output>
          </reporter-output>
        </test-method> <!-- tearUp -->
        <test-method status="PASS" signature="kolorskermoTextTest()[pri:4, instance:testclasses.TestKolorskemo@cc285f4]" name="kolorskermoTextTest" duration-ms="34" started-at="2018-12-06T04:46:27Z" finished-at="2018-12-06T04:46:27Z">
          <reporter-output>
          </reporter-output>
        </test-method> <!-- kolorskermoTextTest -->
        <test-method status="PASS" signature="tearDown()[pri:0, instance:testclasses.TestKolorskemo@cc285f4]" name="tearDown" is-config="true" duration-ms="1" started-at="2018-12-06T04:46:27Z" finished-at="2018-12-06T04:46:27Z">
          <reporter-output>
          </reporter-output>
        </test-method> <!-- tearDown -->
        <test-method status="PASS" signature="logoDisplayed()[pri:5, instance:testclasses.TestKolorskemo@cc285f4]" name="logoDisplayed" duration-ms="38" started-at="2018-12-06T04:46:27Z" finished-at="2018-12-06T04:46:27Z">
          <reporter-output>
          </reporter-output>
        </test-method> <!-- logoDisplayed -->
        <test-method status="PASS" signature="tearUp()[pri:0, instance:testclasses.TestKolorskemo@cc285f4]" name="tearUp" is-config="true" duration-ms="0" started-at="2018-12-06T04:46:27Z" finished-at="2018-12-06T04:46:27Z">
          <reporter-output>
          </reporter-output>
        </test-method> <!-- tearUp -->
        <test-method status="PASS" signature="tearDown()[pri:0, instance:testclasses.TestKolorskemo@cc285f4]" name="tearDown" is-config="true" duration-ms="0" started-at="2018-12-06T04:46:27Z" finished-at="2018-12-06T04:46:27Z">
          <reporter-output>
          </reporter-output>
        </test-method> <!-- tearDown -->
        <test-method status="PASS" signature="tearUp()[pri:0, instance:testclasses.TestKolorskemo@cc285f4]" name="tearUp" is-config="true" duration-ms="0" started-at="2018-12-06T04:46:27Z" finished-at="2018-12-06T04:46:27Z">
          <reporter-output>
          </reporter-output>
        </test-method> <!-- tearUp -->
        <test-method status="PASS" signature="uploadImage()[pri:6, instance:testclasses.TestKolorskemo@cc285f4]" name="uploadImage" duration-ms="17066" started-at="2018-12-06T04:46:27Z" finished-at="2018-12-06T04:46:44Z">
          <reporter-output>
          </reporter-output>
        </test-method> <!-- uploadImage -->
        <test-method status="PASS" signature="tearDown()[pri:0, instance:testclasses.TestKolorskemo@cc285f4]" name="tearDown" is-config="true" duration-ms="1" started-at="2018-12-06T04:46:44Z" finished-at="2018-12-06T04:46:44Z">
          <reporter-output>
          </reporter-output>
        </test-method> <!-- tearDown -->
        <test-method status="PASS" signature="tearUp()[pri:0, instance:testclasses.TestKolorskemo@cc285f4]" name="tearUp" is-config="true" duration-ms="1" started-at="2018-12-06T04:46:44Z" finished-at="2018-12-06T04:46:44Z">
          <reporter-output>
          </reporter-output>
        </test-method> <!-- tearUp -->
        <test-method status="PASS" signature="processImage()[pri:7, instance:testclasses.TestKolorskemo@cc285f4]" name="processImage" duration-ms="205" started-at="2018-12-06T04:46:44Z" finished-at="2018-12-06T04:46:44Z">
          <reporter-output>
          </reporter-output>
        </test-method> <!-- processImage -->
        <test-method status="PASS" signature="tearDown()[pri:0, instance:testclasses.TestKolorskemo@cc285f4]" name="tearDown" is-config="true" duration-ms="1" started-at="2018-12-06T04:46:44Z" finished-at="2018-12-06T04:46:44Z">
          <reporter-output>
          </reporter-output>
        </test-method> <!-- tearDown -->
        <test-method status="PASS" signature="tearUp()[pri:0, instance:testclasses.TestKolorskemo@cc285f4]" name="tearUp" is-config="true" duration-ms="0" started-at="2018-12-06T04:46:44Z" finished-at="2018-12-06T04:46:44Z">
          <reporter-output>
          </reporter-output>
        </test-method> <!-- tearUp -->
        <test-method status="PASS" signature="imageUploadResult()[pri:8, instance:testclasses.TestKolorskemo@cc285f4]" name="imageUploadResult" duration-ms="4318" started-at="2018-12-06T04:46:44Z" finished-at="2018-12-06T04:46:49Z">
          <reporter-output>
          </reporter-output>
        </test-method> <!-- imageUploadResult -->
        <test-method status="PASS" signature="tearDown()[pri:0, instance:testclasses.TestKolorskemo@cc285f4]" name="tearDown" is-config="true" duration-ms="0" started-at="2018-12-06T04:46:49Z" finished-at="2018-12-06T04:46:49Z">
          <reporter-output>
          </reporter-output>
        </test-method> <!-- tearDown -->
        <test-method status="PASS" signature="tearUp()[pri:0, instance:testclasses.TestKolorskemo@cc285f4]" name="tearUp" is-config="true" duration-ms="0" started-at="2018-12-06T04:46:49Z" finished-at="2018-12-06T04:46:49Z">
          <reporter-output>
          </reporter-output>
        </test-method> <!-- tearUp -->
        <test-method status="PASS" signature="analyzeButtonImage()[pri:9, instance:testclasses.TestKolorskemo@cc285f4]" name="analyzeButtonImage" duration-ms="52385" started-at="2018-12-06T04:46:49Z" finished-at="2018-12-06T04:47:41Z">
          <reporter-output>
          </reporter-output>
        </test-method> <!-- analyzeButtonImage -->
        <test-method status="PASS" signature="tearDown()[pri:0, instance:testclasses.TestKolorskemo@cc285f4]" name="tearDown" is-config="true" duration-ms="1" started-at="2018-12-06T04:47:41Z" finished-at="2018-12-06T04:47:41Z">
          <reporter-output>
          </reporter-output>
        </test-method> <!-- tearDown -->
        <test-method status="PASS" signature="tearUp()[pri:0, instance:testclasses.TestKolorskemo@cc285f4]" name="tearUp" is-config="true" duration-ms="0" started-at="2018-12-06T04:47:41Z" finished-at="2018-12-06T04:47:41Z">
          <reporter-output>
          </reporter-output>
        </test-method> <!-- tearUp -->
        <test-method status="PASS" signature="testColorSelector()[pri:10, instance:testclasses.TestKolorskemo@cc285f4]" name="testColorSelector" duration-ms="62417" started-at="2018-12-06T04:47:41Z" finished-at="2018-12-06T04:48:44Z">
          <reporter-output>
          </reporter-output>
        </test-method> <!-- testColorSelector -->
        <test-method status="PASS" signature="tearDown()[pri:0, instance:testclasses.TestKolorskemo@cc285f4]" name="tearDown" is-config="true" duration-ms="0" started-at="2018-12-06T04:48:44Z" finished-at="2018-12-06T04:48:44Z">
          <reporter-output>
          </reporter-output>
        </test-method> <!-- tearDown -->
        <test-method status="PASS" signature="closeBrowser()[pri:0, instance:testclasses.TestKolorskemo@cc285f4]" name="closeBrowser" is-config="true" duration-ms="0" started-at="2018-12-06T04:48:44Z" finished-at="2018-12-06T04:48:44Z">
          <reporter-output>
          </reporter-output>
        </test-method> <!-- closeBrowser -->
        <test-method status="PASS" signature="deleteAllCookies()[pri:0, instance:testclasses.TestKolorskemo@cc285f4]" name="deleteAllCookies" is-config="true" duration-ms="11" started-at="2018-12-06T04:48:44Z" finished-at="2018-12-06T04:48:44Z">
          <reporter-output>
          </reporter-output>
        </test-method> <!-- deleteAllCookies -->
        <test-method status="FAIL" signature="generateTestReport()[pri:0, instance:testclasses.TestKolorskemo@cc285f4]" name="generateTestReport" is-config="true" duration-ms="971" started-at="2018-12-06T04:48:44Z" finished-at="2018-12-06T04:48:45Z">
          <exception class="org.openqa.selenium.InvalidSelectorException">
            <message>
              <![CDATA[invalid selector: No selector specified
  (Session info: chrome=70.0.3538.110)
  (Driver info: chromedriver=2.43.600229 (3fae4d0cda5334b4f533bede5a4787f7b832d052),platform=Mac OS X 10.13.6 x86_64) (WARNING: The server did not provide any stacktrace information)
Command duration or timeout: 0 milliseconds
For documentation on this error, please visit: http://seleniumhq.org/exceptions/invalid_selector_exception.html
Build info: version: '3.141.5', revision: 'd54ebd709a', time: '2018-11-06T11:58:41'
System info: host: 'ERICKs-MacBook-Air.local', ip: 'fe80:0:0:0:4da:ea88:c129:507a%en0', os.name: 'Mac OS X', os.arch: 'x86_64', os.version: '10.13.6', java.version: '1.8.0_181'
Driver info: org.openqa.selenium.chrome.ChromeDriver
Capabilities {acceptInsecureCerts: false, acceptSslCerts: false, applicationCacheEnabled: false, browserConnectionEnabled: false, browserName: chrome, chrome: {chromedriverVersion: 2.43.600229 (3fae4d0cda5334..., userDataDir: /var/folders/z8/ky0xkznx6gn...}, cssSelectorsEnabled: true, databaseEnabled: false, goog:chromeOptions: {debuggerAddress: localhost:61048}, handlesAlerts: true, hasTouchScreen: false, javascriptEnabled: true, locationContextEnabled: true, mobileEmulationEnabled: false, nativeEvents: true, networkConnectionEnabled: false, pageLoadStrategy: normal, platform: MAC, platformName: MAC, rotatable: false, setWindowRect: true, takesHeapSnapshot: true, takesScreenshot: true, unexpectedAlertBehaviour: , unhandledPromptBehavior: , version: 70.0.3538.110, webStorageEnabled: true}
Session ID: 91fb96f3ea433712df5823fb595eb8f3
*** Element info: {Using=css selector, value=}]]>
            </message>
            <full-stacktrace>
              <![CDATA[org.openqa.selenium.InvalidSelectorException: invalid selector: No selector specified
  (Session info: chrome=70.0.3538.110)
  (Driver info: chromedriver=2.43.600229 (3fae4d0cda5334b4f533bede5a4787f7b832d052),platform=Mac OS X 10.13.6 x86_64) (WARNING: The server did not provide any stacktrace information)
Command duration or timeout: 0 milliseconds
For documentation on this error, please visit: http://seleniumhq.org/exceptions/invalid_selector_exception.html
Build info: version: '3.141.5', revision: 'd54ebd709a', time: '2018-11-06T11:58:41'
System info: host: 'ERICKs-MacBook-Air.local', ip: 'fe80:0:0:0:4da:ea88:c129:507a%en0', os.name: 'Mac OS X', os.arch: 'x86_64', os.version: '10.13.6', java.version: '1.8.0_181'
Driver info: org.openqa.selenium.chrome.ChromeDriver
Capabilities {acceptInsecureCerts: false, acceptSslCerts: false, applicationCacheEnabled: false, browserConnectionEnabled: false, browserName: chrome, chrome: {chromedriverVersion: 2.43.600229 (3fae4d0cda5334..., userDataDir: /var/folders/z8/ky0xkznx6gn...}, cssSelectorsEnabled: true, databaseEnabled: false, goog:chromeOptions: {debuggerAddress: localhost:61048}, handlesAlerts: true, hasTouchScreen: false, javascriptEnabled: true, locationContextEnabled: true, mobileEmulationEnabled: false, nativeEvents: true, networkConnectionEnabled: false, pageLoadStrategy: normal, platform: MAC, platformName: MAC, rotatable: false, setWindowRect: true, takesHeapSnapshot: true, takesScreenshot: true, unexpectedAlertBehaviour: , unhandledPromptBehavior: , version: 70.0.3538.110, webStorageEnabled: true}
Session ID: 91fb96f3ea433712df5823fb595eb8f3
*** Element info: {Using=css selector, value=}
at sun.reflect.NativeConstructorAccessorImpl.newInstance0(Native Method)
at sun.reflect.NativeConstructorAccessorImpl.newInstance(NativeConstructorAccessorImpl.java:62)
at sun.reflect.DelegatingConstructorAccessorImpl.newInstance(DelegatingConstructorAccessorImpl.java:45)
at java.lang.reflect.Constructor.newInstance(Constructor.java:423)
at org.openqa.selenium.remote.ErrorHandler.createThrowable(ErrorHandler.java:214)
at org.openqa.selenium.remote.ErrorHandler.throwIfResponseFailed(ErrorHandler.java:166)
at org.openqa.selenium.remote.http.JsonHttpResponseCodec.reconstructValue(JsonHttpResponseCodec.java:40)
at org.openqa.selenium.remote.http.AbstractHttpResponseCodec.decode(AbstractHttpResponseCodec.java:80)
at org.openqa.selenium.remote.http.AbstractHttpResponseCodec.decode(AbstractHttpResponseCodec.java:44)
at org.openqa.selenium.remote.HttpCommandExecutor.execute(HttpCommandExecutor.java:158)
at org.openqa.selenium.remote.service.DriverCommandExecutor.execute(DriverCommandExecutor.java:83)
at org.openqa.selenium.remote.RemoteWebDriver.execute(RemoteWebDriver.java:552)
at org.openqa.selenium.remote.RemoteWebDriver.findElement(RemoteWebDriver.java:323)
at org.openqa.selenium.remote.RemoteWebDriver.findElementByCssSelector(RemoteWebDriver.java:420)
at org.openqa.selenium.By$ByCssSelector.findElement(By.java:431)
at org.openqa.selenium.remote.RemoteWebDriver.findElement(RemoteWebDriver.java:315)
at testclasses.TestKolorskemo.generateTestReport(TestKolorskemo.java:470)
at sun.reflect.NativeMethodAccessorImpl.invoke0(Native Method)
at sun.reflect.NativeMethodAccessorImpl.invoke(NativeMethodAccessorImpl.java:62)
at sun.reflect.DelegatingMethodAccessorImpl.invoke(DelegatingMethodAccessorImpl.java:43)
at java.lang.reflect.Method.invoke(Method.java:498)
at org.testng.internal.MethodInvocationHelper.invokeMethod(MethodInvocationHelper.java:124)
at org.testng.internal.MethodInvocationHelper.invokeMethodConsideringTimeout(MethodInvocationHelper.java:59)
at org.testng.internal.Invoker.invokeConfigurationMethod(Invoker.java:455)
at org.testng.internal.Invoker.invokeConfigurations(Invoker.java:222)
at org.testng.internal.Invoker.invokeConfigurations(Invoker.java:142)
at org.testng.SuiteRunner.privateRun(SuiteRunner.java:425)
at org.testng.SuiteRunner.run(SuiteRunner.java:364)
at org.testng.SuiteRunnerWorker.runSuite(SuiteRunnerWorker.java:52)
at org.testng.SuiteRunnerWorker.run(SuiteRunnerWorker.java:84)
at org.testng.TestNG.runSuitesSequentially(TestNG.java:1208)
at org.testng.TestNG.runSuitesLocally(TestNG.java:1137)
at org.testng.TestNG.runSuites(TestNG.java:1049)
at org.testng.TestNG.run(TestNG.java:1017)
at org.testng.remote.AbstractRemoteTestNG.run(AbstractRemoteTestNG.java:114)
at org.testng.remote.RemoteTestNG.initAndRun(RemoteTestNG.java:251)
at org.testng.remote.RemoteTestNG.main(RemoteTestNG.java:77)
]]>
            </full-stacktrace>
          </exception> <!-- org.openqa.selenium.InvalidSelectorException -->
          <reporter-output>
          </reporter-output>
        </test-method> <!-- generateTestReport -->
      </class> <!-- testclasses.TestKolorskemo -->
    </test> <!-- Default test -->
  </suite> <!-- Default suite -->
</testng-results>
